build/app/outputs/mapping/release/mapping.txt
# compiler: R8
# compiler_version: 1.5.69
# min_api: 16
# pg_map_id: 6d4bad3
...
io.grpc.okhttp.internal.ConnectionSpec -> c.b.o1.r.b:
    io.grpc.okhttp.internal.CipherSuite[] APPROVED_CIPHER_SUITES -> e
    io.grpc.okhttp.internal.ConnectionSpec MODERN_TLS -> f
    boolean tls -> a
    java.lang.String[] tlsVersions -> c
    java.lang.String[] cipherSuites -> b
    boolean supportsTlsExtensions -> d
    java.lang.String[] access$400(io.grpc.okhttp.internal.ConnectionSpec) -> a
    void apply(javax.net.ssl.SSLSocket,boolean) -> a
    java.util.List cipherSuites() -> a
    java.lang.String[] access$500(io.grpc.okhttp.internal.ConnectionSpec) -> b
    io.grpc.okhttp.internal.ConnectionSpec supportedSpec(javax.net.ssl.SSLSocket,boolean) -> b
    boolean supportsTlsExtensions() -> b
    java.util.List tlsVersions() -> c
io.grpc.okhttp.internal.ConnectionSpec$1 -> c.b.o1.r.b$a:
io.grpc.okhttp.internal.ConnectionSpec$Builder -> c.b.o1.r.b$b:
    boolean tls -> a
    java.lang.String[] tlsVersions -> c
    java.lang.String[] cipherSuites -> b
    boolean supportsTlsExtensions -> d
    boolean access$000(io.grpc.okhttp.internal.ConnectionSpec$Builder) -> a
    io.grpc.okhttp.internal.ConnectionSpec build() -> a
    io.grpc.okhttp.internal.ConnectionSpec$Builder cipherSuites(io.grpc.okhttp.internal.CipherSuite[]) -> a
    io.grpc.okhttp.internal.ConnectionSpec$Builder cipherSuites(java.lang.String[]) -> a
    io.grpc.okhttp.internal.ConnectionSpec$Builder supportsTlsExtensions(boolean) -> a
    io.grpc.okhttp.internal.ConnectionSpec$Builder tlsVersions(io.grpc.okhttp.internal.TlsVersion[]) -> a
    java.lang.String[] access$100(io.grpc.okhttp.internal.ConnectionSpec$Builder) -> b
    io.grpc.okhttp.internal.ConnectionSpec$Builder tlsVersions(java.lang.String[]) -> b
    java.lang.String[] access$200(io.grpc.okhttp.internal.ConnectionSpec$Builder) -> c
    boolean access$300(io.grpc.okhttp.internal.ConnectionSpec$Builder) -> d
io.grpc.okhttp.internal.DistinguishedNameParser -> c.b.o1.r.c:
    char[] chars -> g
    int cur -> f
    java.lang.String dn -> a
    int beg -> d
    int end -> e
    int length -> b
    int pos -> c
    java.lang.String escapedAV() -> a
    java.lang.String findMostSpecific(java.lang.String) -> a
    int getByte(int) -> a
    char getEscaped() -> b
    char getUTF8() -> c
    java.lang.String hexAV() -> d
    java.lang.String nextAT() -> e
    java.lang.String quotedAV() -> f
io.grpc.okhttp.internal.OkHostnameVerifier -> c.b.o1.r.d:
    java.util.regex.Pattern VERIFY_AS_IP_ADDRESS -> b
    io.grpc.okhttp.internal.OkHostnameVerifier INSTANCE -> a
    java.util.List getSubjectAltNames(java.security.cert.X509Certificate,int) -> a
    boolean verify(java.lang.String,java.security.cert.X509Certificate) -> a
    boolean verifyAsIpAddress(java.lang.String) -> a
    boolean verifyHostName(java.lang.String,java.lang.String) -> a
    boolean verifyHostName(java.lang.String,java.security.cert.X509Certificate) -> b
    boolean verifyIpAddress(java.lang.String,java.security.cert.X509Certificate) -> c
io.grpc.okhttp.internal.OptionalMethod -> c.b.o1.r.e:
    java.lang.Class[] methodParams -> c
    java.lang.Class returnType -> a
    java.lang.String methodName -> b
    java.lang.reflect.Method getMethod(java.lang.Class) -> a
    java.lang.reflect.Method getPublicMethod(java.lang.Class,java.lang.String,java.lang.Class[]) -> a
    java.lang.Object invoke(java.lang.Object,java.lang.Object[]) -> a
    boolean isSupported(java.lang.Object) -> a
    java.lang.Object invokeOptional(java.lang.Object,java.lang.Object[]) -> b
    java.lang.Object invokeOptionalWithoutCheckedException(java.lang.Object,java.lang.Object[]) -> c
    java.lang.Object invokeWithoutCheckedException(java.lang.Object,java.lang.Object[]) -> d